running egg_info
creating build/move_group_python_interface/move_group_python_interface.egg-info
writing build/move_group_python_interface/move_group_python_interface.egg-info/PKG-INFO
writing dependency_links to build/move_group_python_interface/move_group_python_interface.egg-info/dependency_links.txt
writing entry points to build/move_group_python_interface/move_group_python_interface.egg-info/entry_points.txt
writing requirements to build/move_group_python_interface/move_group_python_interface.egg-info/requires.txt
writing top-level names to build/move_group_python_interface/move_group_python_interface.egg-info/top_level.txt
writing manifest file 'build/move_group_python_interface/move_group_python_interface.egg-info/SOURCES.txt'
reading manifest file 'build/move_group_python_interface/move_group_python_interface.egg-info/SOURCES.txt'
writing manifest file 'build/move_group_python_interface/move_group_python_interface.egg-info/SOURCES.txt'
running build
running build_py
creating /home/chaos/moveit2_ws/src/moveit2_tutorials/doc/move_group_python_interface/build/move_group_python_interface/build
creating /home/chaos/moveit2_ws/src/moveit2_tutorials/doc/move_group_python_interface/build/move_group_python_interface/build/lib
creating /home/chaos/moveit2_ws/src/moveit2_tutorials/doc/move_group_python_interface/build/move_group_python_interface/build/lib/move_group_python_interface
copying move_group_python_interface/move_group_python_interface_tutorial.py -> /home/chaos/moveit2_ws/src/moveit2_tutorials/doc/move_group_python_interface/build/move_group_python_interface/build/lib/move_group_python_interface
copying move_group_python_interface/__init__.py -> /home/chaos/moveit2_ws/src/moveit2_tutorials/doc/move_group_python_interface/build/move_group_python_interface/build/lib/move_group_python_interface
running install
running install_lib
creating /home/chaos/moveit2_ws/src/moveit2_tutorials/doc/move_group_python_interface/install/move_group_python_interface/lib/python3.8/site-packages/move_group_python_interface
copying /home/chaos/moveit2_ws/src/moveit2_tutorials/doc/move_group_python_interface/build/move_group_python_interface/build/lib/move_group_python_interface/move_group_python_interface_tutorial.py -> /home/chaos/moveit2_ws/src/moveit2_tutorials/doc/move_group_python_interface/install/move_group_python_interface/lib/python3.8/site-packages/move_group_python_interface
copying /home/chaos/moveit2_ws/src/moveit2_tutorials/doc/move_group_python_interface/build/move_group_python_interface/build/lib/move_group_python_interface/__init__.py -> /home/chaos/moveit2_ws/src/moveit2_tutorials/doc/move_group_python_interface/install/move_group_python_interface/lib/python3.8/site-packages/move_group_python_interface
byte-compiling /home/chaos/moveit2_ws/src/moveit2_tutorials/doc/move_group_python_interface/install/move_group_python_interface/lib/python3.8/site-packages/move_group_python_interface/move_group_python_interface_tutorial.py to move_group_python_interface_tutorial.cpython-38.pyc
byte-compiling /home/chaos/moveit2_ws/src/moveit2_tutorials/doc/move_group_python_interface/install/move_group_python_interface/lib/python3.8/site-packages/move_group_python_interface/__init__.py to __init__.cpython-38.pyc
running install_data
creating /home/chaos/moveit2_ws/src/moveit2_tutorials/doc/move_group_python_interface/install/move_group_python_interface/share
creating /home/chaos/moveit2_ws/src/moveit2_tutorials/doc/move_group_python_interface/install/move_group_python_interface/share/ament_index
creating /home/chaos/moveit2_ws/src/moveit2_tutorials/doc/move_group_python_interface/install/move_group_python_interface/share/ament_index/resource_index
creating /home/chaos/moveit2_ws/src/moveit2_tutorials/doc/move_group_python_interface/install/move_group_python_interface/share/ament_index/resource_index/packages
copying resource/move_group_python_interface -> /home/chaos/moveit2_ws/src/moveit2_tutorials/doc/move_group_python_interface/install/move_group_python_interface/share/ament_index/resource_index/packages
creating /home/chaos/moveit2_ws/src/moveit2_tutorials/doc/move_group_python_interface/install/move_group_python_interface/share/move_group_python_interface
copying package.xml -> /home/chaos/moveit2_ws/src/moveit2_tutorials/doc/move_group_python_interface/install/move_group_python_interface/share/move_group_python_interface
copying launch/demo.launch.py -> /home/chaos/moveit2_ws/src/moveit2_tutorials/doc/move_group_python_interface/install/move_group_python_interface/share/move_group_python_interface
running install_egg_info
Copying build/move_group_python_interface/move_group_python_interface.egg-info to /home/chaos/moveit2_ws/src/moveit2_tutorials/doc/move_group_python_interface/install/move_group_python_interface/lib/python3.8/site-packages/move_group_python_interface-1.0.0-py3.8.egg-info
running install_scripts
Installing move_group script to /home/chaos/moveit2_ws/src/moveit2_tutorials/doc/move_group_python_interface/install/move_group_python_interface/lib/move_group_python_interface
writing list of installed files to '/home/chaos/moveit2_ws/src/moveit2_tutorials/doc/move_group_python_interface/build/move_group_python_interface/install.log'
