[0.132s] Invoking command in '/home/chaos/moveit2_ws/src/moveit2_tutorials/doc/move_group_python_interface': PYTHONPATH=/home/chaos/moveit2_ws/src/moveit2_tutorials/doc/move_group_python_interface/install/move_group_python_interface/lib/python3.8/site-packages:${PYTHONPATH} /usr/bin/python3 setup.py egg_info --egg-base build/move_group_python_interface build --build-base /home/chaos/moveit2_ws/src/moveit2_tutorials/doc/move_group_python_interface/build/move_group_python_interface/build install --prefix /home/chaos/moveit2_ws/src/moveit2_tutorials/doc/move_group_python_interface/install/move_group_python_interface --record /home/chaos/moveit2_ws/src/moveit2_tutorials/doc/move_group_python_interface/build/move_group_python_interface/install.log --single-version-externally-managed
[0.245s] running egg_info
[0.245s] creating build/move_group_python_interface/move_group_python_interface.egg-info
[0.245s] writing build/move_group_python_interface/move_group_python_interface.egg-info/PKG-INFO
[0.245s] writing dependency_links to build/move_group_python_interface/move_group_python_interface.egg-info/dependency_links.txt
[0.245s] writing entry points to build/move_group_python_interface/move_group_python_interface.egg-info/entry_points.txt
[0.245s] writing requirements to build/move_group_python_interface/move_group_python_interface.egg-info/requires.txt
[0.245s] writing top-level names to build/move_group_python_interface/move_group_python_interface.egg-info/top_level.txt
[0.246s] writing manifest file 'build/move_group_python_interface/move_group_python_interface.egg-info/SOURCES.txt'
[0.264s] reading manifest file 'build/move_group_python_interface/move_group_python_interface.egg-info/SOURCES.txt'
[0.264s] writing manifest file 'build/move_group_python_interface/move_group_python_interface.egg-info/SOURCES.txt'
[0.264s] running build
[0.265s] running build_py
[0.265s] creating /home/chaos/moveit2_ws/src/moveit2_tutorials/doc/move_group_python_interface/build/move_group_python_interface/build
[0.265s] creating /home/chaos/moveit2_ws/src/moveit2_tutorials/doc/move_group_python_interface/build/move_group_python_interface/build/lib
[0.265s] creating /home/chaos/moveit2_ws/src/moveit2_tutorials/doc/move_group_python_interface/build/move_group_python_interface/build/lib/move_group_python_interface
[0.265s] copying move_group_python_interface/move_group_python_interface_tutorial.py -> /home/chaos/moveit2_ws/src/moveit2_tutorials/doc/move_group_python_interface/build/move_group_python_interface/build/lib/move_group_python_interface
[0.265s] copying move_group_python_interface/__init__.py -> /home/chaos/moveit2_ws/src/moveit2_tutorials/doc/move_group_python_interface/build/move_group_python_interface/build/lib/move_group_python_interface
[0.265s] running install
[0.265s] running install_lib
[0.266s] creating /home/chaos/moveit2_ws/src/moveit2_tutorials/doc/move_group_python_interface/install/move_group_python_interface/lib/python3.8/site-packages/move_group_python_interface
[0.266s] copying /home/chaos/moveit2_ws/src/moveit2_tutorials/doc/move_group_python_interface/build/move_group_python_interface/build/lib/move_group_python_interface/move_group_python_interface_tutorial.py -> /home/chaos/moveit2_ws/src/moveit2_tutorials/doc/move_group_python_interface/install/move_group_python_interface/lib/python3.8/site-packages/move_group_python_interface
[0.266s] copying /home/chaos/moveit2_ws/src/moveit2_tutorials/doc/move_group_python_interface/build/move_group_python_interface/build/lib/move_group_python_interface/__init__.py -> /home/chaos/moveit2_ws/src/moveit2_tutorials/doc/move_group_python_interface/install/move_group_python_interface/lib/python3.8/site-packages/move_group_python_interface
[0.266s] byte-compiling /home/chaos/moveit2_ws/src/moveit2_tutorials/doc/move_group_python_interface/install/move_group_python_interface/lib/python3.8/site-packages/move_group_python_interface/move_group_python_interface_tutorial.py to move_group_python_interface_tutorial.cpython-38.pyc
[0.268s] byte-compiling /home/chaos/moveit2_ws/src/moveit2_tutorials/doc/move_group_python_interface/install/move_group_python_interface/lib/python3.8/site-packages/move_group_python_interface/__init__.py to __init__.cpython-38.pyc
[0.269s] running install_data
[0.269s] creating /home/chaos/moveit2_ws/src/moveit2_tutorials/doc/move_group_python_interface/install/move_group_python_interface/share
[0.269s] creating /home/chaos/moveit2_ws/src/moveit2_tutorials/doc/move_group_python_interface/install/move_group_python_interface/share/ament_index
[0.270s] creating /home/chaos/moveit2_ws/src/moveit2_tutorials/doc/move_group_python_interface/install/move_group_python_interface/share/ament_index/resource_index
[0.270s] creating /home/chaos/moveit2_ws/src/moveit2_tutorials/doc/move_group_python_interface/install/move_group_python_interface/share/ament_index/resource_index/packages
[0.270s] copying resource/move_group_python_interface -> /home/chaos/moveit2_ws/src/moveit2_tutorials/doc/move_group_python_interface/install/move_group_python_interface/share/ament_index/resource_index/packages
[0.270s] creating /home/chaos/moveit2_ws/src/moveit2_tutorials/doc/move_group_python_interface/install/move_group_python_interface/share/move_group_python_interface
[0.270s] copying package.xml -> /home/chaos/moveit2_ws/src/moveit2_tutorials/doc/move_group_python_interface/install/move_group_python_interface/share/move_group_python_interface
[0.270s] copying launch/demo.launch.py -> /home/chaos/moveit2_ws/src/moveit2_tutorials/doc/move_group_python_interface/install/move_group_python_interface/share/move_group_python_interface
[0.270s] running install_egg_info
[0.271s] Copying build/move_group_python_interface/move_group_python_interface.egg-info to /home/chaos/moveit2_ws/src/moveit2_tutorials/doc/move_group_python_interface/install/move_group_python_interface/lib/python3.8/site-packages/move_group_python_interface-1.0.0-py3.8.egg-info
[0.271s] running install_scripts
[0.281s] Installing move_group script to /home/chaos/moveit2_ws/src/moveit2_tutorials/doc/move_group_python_interface/install/move_group_python_interface/lib/move_group_python_interface
[0.282s] writing list of installed files to '/home/chaos/moveit2_ws/src/moveit2_tutorials/doc/move_group_python_interface/build/move_group_python_interface/install.log'
[0.294s] Invoked command in '/home/chaos/moveit2_ws/src/moveit2_tutorials/doc/move_group_python_interface' returned '0': PYTHONPATH=/home/chaos/moveit2_ws/src/moveit2_tutorials/doc/move_group_python_interface/install/move_group_python_interface/lib/python3.8/site-packages:${PYTHONPATH} /usr/bin/python3 setup.py egg_info --egg-base build/move_group_python_interface build --build-base /home/chaos/moveit2_ws/src/moveit2_tutorials/doc/move_group_python_interface/build/move_group_python_interface/build install --prefix /home/chaos/moveit2_ws/src/moveit2_tutorials/doc/move_group_python_interface/install/move_group_python_interface --record /home/chaos/moveit2_ws/src/moveit2_tutorials/doc/move_group_python_interface/build/move_group_python_interface/install.log --single-version-externally-managed
