[0.158s] DEBUG:colcon:Command line arguments: ['/usr/bin/colcon', 'build']
[0.158s] DEBUG:colcon:Parsed command line arguments: Namespace(ament_cmake_args=None, base_paths=['.'], build_base='build', catkin_cmake_args=None, catkin_skip_building_tests=False, cmake_args=None, cmake_clean_cache=False, cmake_clean_first=False, cmake_force_configure=False, cmake_target=None, cmake_target_skip_unavailable=False, continue_on_error=False, event_handlers=None, executor='parallel', ignore_user_meta=False, install_base='install', log_base=None, log_level=None, main=<bound method BuildVerb.main of <colcon_core.verb.build.BuildVerb object at 0x7f82994f15b0>>, merge_install=False, metas=['./colcon.meta'], packages_above=None, packages_above_and_dependencies=None, packages_above_depth=None, packages_end=None, packages_ignore=None, packages_ignore_regex=None, packages_select=None, packages_select_build_failed=False, packages_select_by_dep=None, packages_select_regex=None, packages_select_test_failures=False, packages_skip=None, packages_skip_build_finished=False, packages_skip_by_dep=None, packages_skip_regex=None, packages_skip_test_passed=False, packages_skip_up_to=None, packages_start=None, packages_up_to=None, packages_up_to_regex=None, parallel_workers=8, paths=None, symlink_install=False, test_result_base=None, verb_extension=<colcon_core.verb.build.BuildVerb object at 0x7f82994f15b0>, verb_name='build', verb_parser=<colcon_defaults.argument_parser.defaults.DefaultArgumentsDecorator object at 0x7f82994f1af0>)
[0.162s] Level 1:colcon.colcon_core.package_discovery:discover_packages(colcon_meta) check parameters
[0.162s] Level 1:colcon.colcon_core.package_discovery:discover_packages(recursive) check parameters
[0.162s] Level 1:colcon.colcon_core.package_discovery:discover_packages(ignore) check parameters
[0.162s] Level 1:colcon.colcon_core.package_discovery:discover_packages(path) check parameters
[0.162s] Level 1:colcon.colcon_core.package_discovery:discover_packages(colcon_meta) discover
[0.162s] Level 1:colcon.colcon_core.package_discovery:discover_packages(recursive) discover
[0.162s] INFO:colcon.colcon_core.package_discovery:Crawling recursively for packages in '/home/chaos/moveit2_ws/src/moveit2_tutorials/doc/move_group_python_interface'
[0.162s] Level 1:colcon.colcon_core.package_identification:_identify(.) by extensions ['ignore', 'ignore_ament_install']
[0.162s] Level 1:colcon.colcon_core.package_identification:_identify(.) by extension 'ignore'
[0.162s] Level 1:colcon.colcon_core.package_identification:_identify(.) by extension 'ignore_ament_install'
[0.162s] Level 1:colcon.colcon_core.package_identification:_identify(.) by extensions ['colcon_pkg']
[0.162s] Level 1:colcon.colcon_core.package_identification:_identify(.) by extension 'colcon_pkg'
[0.162s] Level 1:colcon.colcon_core.package_identification:_identify(.) by extensions ['colcon_meta']
[0.162s] Level 1:colcon.colcon_core.package_identification:_identify(.) by extension 'colcon_meta'
[0.162s] Level 1:colcon.colcon_core.package_identification:_identify(.) by extensions ['ros']
[0.162s] Level 1:colcon.colcon_core.package_identification:_identify(.) by extension 'ros'
[0.169s] DEBUG:colcon.colcon_core.package_identification:Failed to parse potential ROS package manifest in'.': Error(s) in package './package.xml':
The manifest contains invalid XML:
XML or text declaration not at start of entity: line 2, column 0
[0.169s] Level 1:colcon.colcon_core.package_identification:_identify(.) by extensions ['cmake', 'python']
[0.169s] Level 1:colcon.colcon_core.package_identification:_identify(.) by extension 'cmake'
[0.169s] Level 1:colcon.colcon_core.package_identification:_identify(.) by extension 'python'
[0.169s] DEBUG:colcon.colcon_core.package_identification:Python package in '.' passes arguments to the setup() function which requires a different identification extension than 'python'
[0.169s] Level 1:colcon.colcon_core.package_identification:_identify(.) by extensions ['python_setup_py']
[0.169s] Level 1:colcon.colcon_core.package_identification:_identify(.) by extension 'python_setup_py'
[0.292s] DEBUG:colcon.colcon_core.package_identification:Package '.' with type 'python' and name 'move_group_python_interface'
[0.292s] Level 1:colcon.colcon_core.package_discovery:discover_packages(recursive) using defaults
[0.292s] Level 1:colcon.colcon_core.package_discovery:discover_packages(ignore) discover
[0.292s] Level 1:colcon.colcon_core.package_discovery:discover_packages(ignore) using defaults
[0.292s] Level 1:colcon.colcon_core.package_discovery:discover_packages(path) discover
[0.292s] Level 1:colcon.colcon_core.package_discovery:discover_packages(path) using defaults
[0.305s] Level 5:colcon.colcon_core.verb:set package 'move_group_python_interface' build argument 'cmake_args' from command line to 'None'
[0.305s] Level 5:colcon.colcon_core.verb:set package 'move_group_python_interface' build argument 'cmake_target' from command line to 'None'
[0.306s] Level 5:colcon.colcon_core.verb:set package 'move_group_python_interface' build argument 'cmake_target_skip_unavailable' from command line to 'False'
[0.306s] Level 5:colcon.colcon_core.verb:set package 'move_group_python_interface' build argument 'cmake_clean_cache' from command line to 'False'
[0.306s] Level 5:colcon.colcon_core.verb:set package 'move_group_python_interface' build argument 'cmake_clean_first' from command line to 'False'
[0.306s] Level 5:colcon.colcon_core.verb:set package 'move_group_python_interface' build argument 'cmake_force_configure' from command line to 'False'
[0.306s] Level 5:colcon.colcon_core.verb:set package 'move_group_python_interface' build argument 'ament_cmake_args' from command line to 'None'
[0.306s] Level 5:colcon.colcon_core.verb:set package 'move_group_python_interface' build argument 'catkin_cmake_args' from command line to 'None'
[0.306s] Level 5:colcon.colcon_core.verb:set package 'move_group_python_interface' build argument 'catkin_skip_building_tests' from command line to 'False'
[0.306s] DEBUG:colcon.colcon_core.verb:Building package 'move_group_python_interface' with the following arguments: {'ament_cmake_args': None, 'build_base': '/home/chaos/moveit2_ws/src/moveit2_tutorials/doc/move_group_python_interface/build/move_group_python_interface', 'catkin_cmake_args': None, 'catkin_skip_building_tests': False, 'cmake_args': None, 'cmake_clean_cache': False, 'cmake_clean_first': False, 'cmake_force_configure': False, 'cmake_target': None, 'cmake_target_skip_unavailable': False, 'install_base': '/home/chaos/moveit2_ws/src/moveit2_tutorials/doc/move_group_python_interface/install/move_group_python_interface', 'merge_install': False, 'path': '/home/chaos/moveit2_ws/src/moveit2_tutorials/doc/move_group_python_interface', 'symlink_install': False, 'test_result_base': None}
[0.306s] INFO:colcon.colcon_core.executor:Executing jobs using 'parallel' executor
[0.307s] DEBUG:colcon.colcon_parallel_executor.executor.parallel:run_until_complete
[0.308s] INFO:colcon.colcon_core.task.python.build:Building Python package in '/home/chaos/moveit2_ws/src/moveit2_tutorials/doc/move_group_python_interface'
[0.310s] INFO:colcon.colcon_core.plugin_system:Skipping extension 'colcon_core.shell.bat': Not used on non-Windows systems
[0.310s] INFO:colcon.colcon_core.shell:Skip shell extension 'powershell' for command environment: Not usable outside of PowerShell
[0.310s] DEBUG:colcon.colcon_core.shell:Skip shell extension 'dsv' for command environment
[0.313s] DEBUG:colcon.colcon_core.shell:Ignoring prefix path '/opt/ros/foxy'
[0.440s] DEBUG:colcon.colcon_core.event_handler.log_command:Invoking command in '/home/chaos/moveit2_ws/src/moveit2_tutorials/doc/move_group_python_interface': PYTHONPATH=/home/chaos/moveit2_ws/src/moveit2_tutorials/doc/move_group_python_interface/install/move_group_python_interface/lib/python3.8/site-packages:${PYTHONPATH} /usr/bin/python3 setup.py egg_info --egg-base build/move_group_python_interface build --build-base /home/chaos/moveit2_ws/src/moveit2_tutorials/doc/move_group_python_interface/build/move_group_python_interface/build install --prefix /home/chaos/moveit2_ws/src/moveit2_tutorials/doc/move_group_python_interface/install/move_group_python_interface --record /home/chaos/moveit2_ws/src/moveit2_tutorials/doc/move_group_python_interface/build/move_group_python_interface/install.log --single-version-externally-managed
[0.603s] DEBUG:colcon.colcon_core.event_handler.log_command:Invoked command in '/home/chaos/moveit2_ws/src/moveit2_tutorials/doc/move_group_python_interface' returned '0': PYTHONPATH=/home/chaos/moveit2_ws/src/moveit2_tutorials/doc/move_group_python_interface/install/move_group_python_interface/lib/python3.8/site-packages:${PYTHONPATH} /usr/bin/python3 setup.py egg_info --egg-base build/move_group_python_interface build --build-base /home/chaos/moveit2_ws/src/moveit2_tutorials/doc/move_group_python_interface/build/move_group_python_interface/build install --prefix /home/chaos/moveit2_ws/src/moveit2_tutorials/doc/move_group_python_interface/install/move_group_python_interface --record /home/chaos/moveit2_ws/src/moveit2_tutorials/doc/move_group_python_interface/build/move_group_python_interface/install.log --single-version-externally-managed
[0.604s] Level 1:colcon.colcon_core.environment:checking '/home/chaos/moveit2_ws/src/moveit2_tutorials/doc/move_group_python_interface/install/move_group_python_interface' for CMake module files
[0.605s] Level 1:colcon.colcon_core.environment:checking '/home/chaos/moveit2_ws/src/moveit2_tutorials/doc/move_group_python_interface/install/move_group_python_interface' for CMake config files
[0.605s] Level 1:colcon.colcon_core.environment:checking '/home/chaos/moveit2_ws/src/moveit2_tutorials/doc/move_group_python_interface/install/move_group_python_interface/lib'
[0.605s] Level 1:colcon.colcon_core.environment:checking '/home/chaos/moveit2_ws/src/moveit2_tutorials/doc/move_group_python_interface/install/move_group_python_interface/bin'
[0.605s] Level 1:colcon.colcon_core.environment:checking '/home/chaos/moveit2_ws/src/moveit2_tutorials/doc/move_group_python_interface/install/move_group_python_interface/lib/pkgconfig/move_group_python_interface.pc'
[0.605s] Level 1:colcon.colcon_core.environment:checking '/home/chaos/moveit2_ws/src/moveit2_tutorials/doc/move_group_python_interface/install/move_group_python_interface/lib/python3.8/site-packages'
[0.605s] Level 1:colcon.colcon_core.shell:create_environment_hook('move_group_python_interface', 'pythonpath')
[0.606s] INFO:colcon.colcon_core.shell:Creating environment hook '/home/chaos/moveit2_ws/src/moveit2_tutorials/doc/move_group_python_interface/install/move_group_python_interface/share/move_group_python_interface/hook/pythonpath.ps1'
[0.606s] INFO:colcon.colcon_core.shell:Creating environment descriptor '/home/chaos/moveit2_ws/src/moveit2_tutorials/doc/move_group_python_interface/install/move_group_python_interface/share/move_group_python_interface/hook/pythonpath.dsv'
[0.606s] INFO:colcon.colcon_core.shell:Creating environment hook '/home/chaos/moveit2_ws/src/moveit2_tutorials/doc/move_group_python_interface/install/move_group_python_interface/share/move_group_python_interface/hook/pythonpath.sh'
[0.607s] Level 1:colcon.colcon_core.environment:create_environment_scripts_only(move_group_python_interface)
[0.607s] INFO:colcon.colcon_core.shell:Creating package script '/home/chaos/moveit2_ws/src/moveit2_tutorials/doc/move_group_python_interface/install/move_group_python_interface/share/move_group_python_interface/package.ps1'
[0.607s] INFO:colcon.colcon_core.shell:Creating package descriptor '/home/chaos/moveit2_ws/src/moveit2_tutorials/doc/move_group_python_interface/install/move_group_python_interface/share/move_group_python_interface/package.dsv'
[0.608s] INFO:colcon.colcon_core.shell:Creating package script '/home/chaos/moveit2_ws/src/moveit2_tutorials/doc/move_group_python_interface/install/move_group_python_interface/share/move_group_python_interface/package.sh'
[0.608s] INFO:colcon.colcon_core.shell:Creating package script '/home/chaos/moveit2_ws/src/moveit2_tutorials/doc/move_group_python_interface/install/move_group_python_interface/share/move_group_python_interface/package.bash'
[0.608s] INFO:colcon.colcon_core.shell:Creating package script '/home/chaos/moveit2_ws/src/moveit2_tutorials/doc/move_group_python_interface/install/move_group_python_interface/share/move_group_python_interface/package.zsh'
[0.609s] Level 1:colcon.colcon_core.environment:create_file_with_runtime_dependencies(/home/chaos/moveit2_ws/src/moveit2_tutorials/doc/move_group_python_interface/install/move_group_python_interface/share/colcon-core/packages/move_group_python_interface)
[0.609s] DEBUG:colcon.colcon_parallel_executor.executor.parallel:closing loop
[0.609s] DEBUG:colcon.colcon_parallel_executor.executor.parallel:loop closed
[0.609s] DEBUG:colcon.colcon_parallel_executor.executor.parallel:run_until_complete finished with '0'
[0.609s] DEBUG:colcon.colcon_core.event_reactor:joining thread
[0.613s] INFO:colcon.colcon_core.plugin_system:Skipping extension 'colcon_notification.desktop_notification.terminal_notifier': Not used on non-Darwin systems
[0.613s] INFO:colcon.colcon_core.plugin_system:Skipping extension 'colcon_notification.desktop_notification.win32': Not used on non-Windows systems
[0.613s] INFO:colcon.colcon_notification.desktop_notification:Sending desktop notification using 'notify2'
[0.622s] DEBUG:colcon.colcon_core.event_reactor:joined thread
[0.623s] INFO:colcon.colcon_core.shell:Creating prefix script '/home/chaos/moveit2_ws/src/moveit2_tutorials/doc/move_group_python_interface/install/local_setup.ps1'
[0.623s] INFO:colcon.colcon_core.shell:Creating prefix util module '/home/chaos/moveit2_ws/src/moveit2_tutorials/doc/move_group_python_interface/install/_local_setup_util_ps1.py'
[0.624s] INFO:colcon.colcon_core.shell:Creating prefix chain script '/home/chaos/moveit2_ws/src/moveit2_tutorials/doc/move_group_python_interface/install/setup.ps1'
[0.626s] INFO:colcon.colcon_core.shell:Creating prefix script '/home/chaos/moveit2_ws/src/moveit2_tutorials/doc/move_group_python_interface/install/local_setup.sh'
[0.626s] INFO:colcon.colcon_core.shell:Creating prefix util module '/home/chaos/moveit2_ws/src/moveit2_tutorials/doc/move_group_python_interface/install/_local_setup_util_sh.py'
[0.627s] INFO:colcon.colcon_core.shell:Creating prefix chain script '/home/chaos/moveit2_ws/src/moveit2_tutorials/doc/move_group_python_interface/install/setup.sh'
[0.630s] INFO:colcon.colcon_core.shell:Creating prefix script '/home/chaos/moveit2_ws/src/moveit2_tutorials/doc/move_group_python_interface/install/local_setup.bash'
[0.631s] INFO:colcon.colcon_core.shell:Creating prefix chain script '/home/chaos/moveit2_ws/src/moveit2_tutorials/doc/move_group_python_interface/install/setup.bash'
[0.633s] INFO:colcon.colcon_core.shell:Creating prefix script '/home/chaos/moveit2_ws/src/moveit2_tutorials/doc/move_group_python_interface/install/local_setup.zsh'
[0.633s] INFO:colcon.colcon_core.shell:Creating prefix chain script '/home/chaos/moveit2_ws/src/moveit2_tutorials/doc/move_group_python_interface/install/setup.zsh'
